--- wineqt_analysis_preprocessing
      fixed acidity  volatile acidity  citric acid  residual sugar  chlorides  \
mean       8.311111          0.531339     0.268364        2.532152   0.086933
std        1.747595          0.179633     0.196686        1.355917   0.047267
min        4.600000          0.120000     0.000000        0.900000   0.012000
max       15.900000          1.580000     1.000000       15.500000   0.611000

      free sulfur dioxide  total sulfur dioxide   density        pH  \
mean            15.615486             45.914698  0.996730  3.311015
std             10.250486             32.782130  0.001925  0.156664
min              1.000000              6.000000  0.990070  2.740000
max             68.000000            289.000000  1.003690  4.010000

      sulphates    alcohol   quality
mean   0.657708  10.442111  5.657043
std    0.170399   1.082196  0.805824
min    0.330000   8.400000  3.000000
max    2.000000  14.900000  8.000000
figures/wineqt_distribution.png

--- mlp_classification_best_model
Accuracy: 0.6608695652173913
F1 Score: 0.4066757850576482
Precision: 0.2976650300054556
Recall: 0.6416666666666667

--- advertisement_data_preprocessing

--- mlp_multi_label_classification_best_model
Accuracy: 0.1729285714285714
F1 Score: 0.26101386302503615
Hamming Distance: 0.3925
Precision: 0.3133333333333333
Recall: 0.22366666666666662

--- housing_data_analysis_preprocessing
           CRIM          ZN      INDUS      CHAS       NOX        RM  \
mean   3.611874   11.211934  11.083992  0.069959  0.554695  6.284634
std    8.720192   23.388876   6.835896  0.255340  0.115878  0.702617
min    0.006320    0.000000   0.460000  0.000000  0.385000  3.561000
max   88.976200  100.000000  27.740000  1.000000  0.871000  8.780000

             AGE        DIS        RAD         TAX    PTRATIO           B  \
mean   68.518519   3.795043   9.549407  408.237154  18.455534  356.674032
std    27.999513   2.105710   8.707259  168.537116   2.164946   91.294864
min     2.900000   1.129600   1.000000  187.000000  12.600000    0.320000
max   100.000000  12.126500  24.000000  711.000000  22.000000  396.900000

          LSTAT       MEDV
mean  12.715432  22.532806
std    7.155871   9.197104
min    1.730000   5.000000
max   37.970000  50.000000
figures/boston_housing_distribution.png

--- mlp_regression_best_model
MAE: 8.397630834720651
MSE: 121.24021366598316
RMSE: 11.010913389268993
R2: -103.83659156253464
STD: 7.767371014758007
VAR: 60.33205248090284

--- knn_autoencoder
Accuracy: 0.10385558279474036
F1 Score: 0.10667196488112676
Precision: 0.10331800991284282
Recall: 0.11025098102636108

--- mlp_classification_spotify_dataset
Accuracy: 0.16503231557833742
F1 Score: 0.20159727825446447
Precision: 0.14116899471046745
Recall: 0.35247751346742595
